<?xml version="1.0" encoding="UTF-8"?>
<testng-results skipped="0" failed="0" ignored="0" total="2" passed="2">
  <reporter-output>
  </reporter-output>
  <suite name="Default suite" duration-ms="34457" started-at="2018-12-22T07:29:29Z" finished-at="2018-12-22T07:30:03Z">
    <groups>
    </groups>
    <test name="Default test" duration-ms="34457" started-at="2018-12-22T07:29:29Z" finished-at="2018-12-22T07:30:03Z">
      <class name="com.training.sanity.tests.ELTC_018">
        <test-method status="PASS" signature="setUpBeforeClass()[pri:0, instance:com.training.sanity.tests.ELTC_018@28feb3fa]" name="setUpBeforeClass" is-config="true" duration-ms="11683" started-at="2018-12-22T12:59:29Z" finished-at="2018-12-22T12:59:40Z">
          <reporter-output>
          </reporter-output>
        </test-method> <!-- setUpBeforeClass -->
        <test-method status="PASS" signature="validLoginTest()[pri:1, instance:com.training.sanity.tests.ELTC_018@28feb3fa]" name="validLoginTest" duration-ms="9077" started-at="2018-12-22T12:59:40Z" finished-at="2018-12-22T12:59:49Z">
          <reporter-output>
          </reporter-output>
        </test-method> <!-- validLoginTest -->
        <test-method status="PASS" signature="changePasswordTest()[pri:2, instance:com.training.sanity.tests.ELTC_018@28feb3fa]" name="changePasswordTest" duration-ms="11753" started-at="2018-12-22T12:59:49Z" finished-at="2018-12-22T13:00:01Z">
          <reporter-output>
          </reporter-output>
        </test-method> <!-- changePasswordTest -->
        <test-method status="PASS" signature="tearDown()[pri:0, instance:com.training.sanity.tests.ELTC_018@28feb3fa]" name="tearDown" is-config="true" duration-ms="1898" started-at="2018-12-22T13:00:01Z" finished-at="2018-12-22T13:00:03Z">
          <reporter-output>
          </reporter-output>
        </test-method> <!-- tearDown -->
      </class> <!-- com.training.sanity.tests.ELTC_018 -->
    </test> <!-- Default test -->
  </suite> <!-- Default suite -->
</testng-results>
