<?xml version="1.0" encoding="UTF-8"?>
<testng-results skipped="0" failed="0" ignored="0" total="3" passed="3">
  <reporter-output>
  </reporter-output>
  <suite name="Default suite" duration-ms="68716" started-at="2018-12-31T12:53:57Z" finished-at="2018-12-31T12:55:05Z">
    <groups>
    </groups>
    <test name="Default test" duration-ms="68716" started-at="2018-12-31T12:53:57Z" finished-at="2018-12-31T12:55:05Z">
      <class name="com.training.sanity.tests.ELTC_049">
        <test-method status="PASS" signature="setUpBeforeClass()[pri:0, instance:com.training.sanity.tests.ELTC_049@28feb3fa]" name="setUpBeforeClass" is-config="true" duration-ms="13110" started-at="2018-12-31T18:23:57Z" finished-at="2018-12-31T18:24:10Z">
          <reporter-output>
          </reporter-output>
        </test-method> <!-- setUpBeforeClass -->
        <test-method status="PASS" signature="validLoginTest()[pri:1, instance:com.training.sanity.tests.ELTC_049@28feb3fa]" name="validLoginTest" duration-ms="7996" started-at="2018-12-31T18:24:10Z" finished-at="2018-12-31T18:24:18Z">
          <reporter-output>
          </reporter-output>
        </test-method> <!-- validLoginTest -->
        <test-method status="PASS" signature="addnewuserTest()[pri:2, instance:com.training.sanity.tests.ELTC_049@28feb3fa]" name="addnewuserTest" duration-ms="16228" started-at="2018-12-31T18:24:18Z" finished-at="2018-12-31T18:24:34Z">
          <reporter-output>
          </reporter-output>
        </test-method> <!-- addnewuserTest -->
        <test-method status="PASS" signature="AddingUserTest()[pri:3, instance:com.training.sanity.tests.ELTC_049@28feb3fa]" name="AddingUserTest" duration-ms="29440" started-at="2018-12-31T18:24:34Z" finished-at="2018-12-31T18:25:03Z">
          <reporter-output>
          </reporter-output>
        </test-method> <!-- AddingUserTest -->
        <test-method status="PASS" signature="tearDown()[pri:0, instance:com.training.sanity.tests.ELTC_049@28feb3fa]" name="tearDown" is-config="true" duration-ms="1880" started-at="2018-12-31T18:25:03Z" finished-at="2018-12-31T18:25:05Z">
          <reporter-output>
          </reporter-output>
        </test-method> <!-- tearDown -->
      </class> <!-- com.training.sanity.tests.ELTC_049 -->
    </test> <!-- Default test -->
  </suite> <!-- Default suite -->
</testng-results>
