<?xml version="1.0" encoding="UTF-8"?>
<!-- Generated by org.testng.reporters.JUnitXMLReporter -->
<testsuite hostname="IBM195-PC09E4R8" ignored="0" name="Default test" tests="3" failures="0" timestamp="31 Dec 2018 12:55:05 GMT" time="68.716" errors="0">
  <testcase name="validLoginTest" time="7.996" classname="com.training.sanity.tests.ELTC_049"/>
  <testcase name="addnewuserTest" time="16.228" classname="com.training.sanity.tests.ELTC_049"/>
  <testcase name="AddingUserTest" time="29.44" classname="com.training.sanity.tests.ELTC_049"/>
</testsuite> <!-- Default test -->
